<?xml version="1.0" encoding="UTF-8"?>
<!-- Generated by org.testng.reporters.JUnitReportReporter -->
<testsuite hostname="LAPTOP-2FHUEGT3" failures="0" tests="1" name="Project1.MainPage" time="63.800" errors="0" timestamp="2024-04-11T14:36:14 IST" skipped="0">
  <testcase classname="Project1.MainPage" name="mainExecutionMethod" time="63.800"/>
  <system-out/>
</testsuite> <!-- Project1.MainPage -->
